InnoDB: using atomic writes.
2020-05-27 11:21:14 0 [Note] InnoDB: Mutexes and rw_locks use Windows interlocked functions
2020-05-27 11:21:14 0 [Note] InnoDB: Uses event mutexes
2020-05-27 11:21:14 0 [Note] InnoDB: Compressed tables use zlib 1.2.11
2020-05-27 11:21:14 0 [Note] InnoDB: Number of pools: 1
2020-05-27 11:21:14 0 [Note] InnoDB: Using SSE2 crc32 instructions
2020-05-27 11:21:14 0 [Note] InnoDB: Initializing buffer pool, total size = 16M, instances = 1, chunk size = 16M
2020-05-27 11:21:14 0 [Note] InnoDB: Completed initialization of buffer pool
2020-05-27 11:21:14 0 [Note] InnoDB: Starting crash recovery from checkpoint LSN=300288
2020-05-27 11:21:15 0 [Note] InnoDB: 128 out of 128 rollback segments are active.
2020-05-27 11:21:15 0 [Note] InnoDB: Removed temporary tablespace data file: "ibtmp1"
2020-05-27 11:21:15 0 [Note] InnoDB: Creating shared tablespace for temporary tables
2020-05-27 11:21:15 0 [Note] InnoDB: Setting file 'C:\xampp1\mysql\data\ibtmp1' size to 12 MB. Physically writing the file full; Please wait ...
2020-05-27 11:21:15 0 [Note] InnoDB: File 'C:\xampp1\mysql\data\ibtmp1' size is now 12 MB.
2020-05-27 11:21:15 0 [Note] InnoDB: Waiting for purge to start
2020-05-27 11:21:15 0 [Note] InnoDB: 10.4.11 started; log sequence number 300297; transaction id 171
2020-05-27 11:21:15 0 [Note] InnoDB: Loading buffer pool(s) from C:\xampp1\mysql\data\ib_buffer_pool
2020-05-27 11:21:15 0 [Note] Plugin 'FEEDBACK' is disabled.
2020-05-27 11:21:15 0 [Note] Server socket created on IP: '::'.
2020-05-27 13:57:52 0 [Note] mysqld.exe: Aria engine: starting recovery
recovered pages: 0% 13% 23% 33% 47% 57% 67% 80% 90% 100% (0.0 seconds); tables to flush: 1 0
 (0.1 seconds); 
2020-05-27 13:57:52 0 [Note] mysqld.exe: Aria engine: recovery done
InnoDB: using atomic writes.
2020-05-27 13:57:52 0 [Note] InnoDB: Mutexes and rw_locks use Windows interlocked functions
2020-05-27 13:57:52 0 [Note] InnoDB: Uses event mutexes
2020-05-27 13:57:52 0 [Note] InnoDB: Compressed tables use zlib 1.2.11
2020-05-27 13:57:52 0 [Note] InnoDB: Number of pools: 1
2020-05-27 13:57:52 0 [Note] InnoDB: Using SSE2 crc32 instructions
2020-05-27 13:57:52 0 [Note] InnoDB: Initializing buffer pool, total size = 16M, instances = 1, chunk size = 16M
2020-05-27 13:57:52 0 [Note] InnoDB: Completed initialization of buffer pool
2020-05-27 13:57:52 0 [Note] InnoDB: Starting crash recovery from checkpoint LSN=4820603
2020-05-27 13:57:54 0 [Note] InnoDB: 128 out of 128 rollback segments are active.
2020-05-27 13:57:54 0 [Note] InnoDB: Removed temporary tablespace data file: "ibtmp1"
2020-05-27 13:57:54 0 [Note] InnoDB: Creating shared tablespace for temporary tables
2020-05-27 13:57:54 0 [Note] InnoDB: Setting file 'C:\xampp1\mysql\data\ibtmp1' size to 12 MB. Physically writing the file full; Please wait ...
2020-05-27 13:57:54 0 [Note] InnoDB: File 'C:\xampp1\mysql\data\ibtmp1' size is now 12 MB.
2020-05-27 13:57:54 0 [Note] InnoDB: Waiting for purge to start
2020-05-27 13:57:54 0 [Note] InnoDB: 10.4.11 started; log sequence number 4820612; transaction id 2951
2020-05-27 13:57:54 0 [Note] InnoDB: Loading buffer pool(s) from C:\xampp1\mysql\data\ib_buffer_pool
2020-05-27 13:57:54 0 [Note] Plugin 'FEEDBACK' is disabled.
2020-05-27 13:57:54 0 [Note] Server socket created on IP: '::'.
InnoDB: using atomic writes.
2020-05-27 14:06:21 0 [Note] InnoDB: Mutexes and rw_locks use Windows interlocked functions
2020-05-27 14:06:21 0 [Note] InnoDB: Uses event mutexes
2020-05-27 14:06:21 0 [Note] InnoDB: Compressed tables use zlib 1.2.11
2020-05-27 14:06:21 0 [Note] InnoDB: Number of pools: 1
2020-05-27 14:06:21 0 [Note] InnoDB: Using SSE2 crc32 instructions
2020-05-27 14:06:21 0 [Note] InnoDB: Initializing buffer pool, total size = 16M, instances = 1, chunk size = 16M
2020-05-27 14:06:21 0 [Note] InnoDB: Completed initialization of buffer pool
2020-05-27 14:06:21 0 [Note] InnoDB: Starting crash recovery from checkpoint LSN=4890936
2020-05-27 14:06:24 0 [Note] InnoDB: 128 out of 128 rollback segments are active.
2020-05-27 14:06:24 0 [Note] InnoDB: Removed temporary tablespace data file: "ibtmp1"
2020-05-27 14:06:24 0 [Note] InnoDB: Creating shared tablespace for temporary tables
2020-05-27 14:06:24 0 [Note] InnoDB: Setting file 'C:\xampp1\mysql\data\ibtmp1' size to 12 MB. Physically writing the file full; Please wait ...
2020-05-27 14:06:24 0 [Note] InnoDB: File 'C:\xampp1\mysql\data\ibtmp1' size is now 12 MB.
2020-05-27 14:06:24 0 [Note] InnoDB: Waiting for purge to start
2020-05-27 14:06:24 0 [Note] InnoDB: 10.4.11 started; log sequence number 4890945; transaction id 3116
2020-05-27 14:06:24 0 [Note] InnoDB: Loading buffer pool(s) from C:\xampp1\mysql\data\ib_buffer_pool
2020-05-27 14:06:24 0 [Note] Plugin 'FEEDBACK' is disabled.
2020-05-27 14:06:24 0 [Note] Server socket created on IP: '::'.
InnoDB: using atomic writes.
2020-05-28 15:29:31 0 [Note] InnoDB: Mutexes and rw_locks use Windows interlocked functions
2020-05-28 15:29:31 0 [Note] InnoDB: Uses event mutexes
2020-05-28 15:29:31 0 [Note] InnoDB: Compressed tables use zlib 1.2.11
2020-05-28 15:29:31 0 [Note] InnoDB: Number of pools: 1
2020-05-28 15:29:31 0 [Note] InnoDB: Using SSE2 crc32 instructions
2020-05-28 15:29:31 0 [Note] InnoDB: Initializing buffer pool, total size = 16M, instances = 1, chunk size = 16M
2020-05-28 15:29:31 0 [Note] InnoDB: Completed initialization of buffer pool
2020-05-28 15:29:31 0 [Note] InnoDB: Starting crash recovery from checkpoint LSN=5813672
2020-05-28 15:29:41 0 [Note] InnoDB: 128 out of 128 rollback segments are active.
2020-05-28 15:29:41 0 [Note] InnoDB: Removed temporary tablespace data file: "ibtmp1"
2020-05-28 15:29:41 0 [Note] InnoDB: Creating shared tablespace for temporary tables
2020-05-28 15:29:41 0 [Note] InnoDB: Setting file 'C:\xampp1\mysql\data\ibtmp1' size to 12 MB. Physically writing the file full; Please wait ...
2020-05-28 15:29:41 0 [Note] InnoDB: File 'C:\xampp1\mysql\data\ibtmp1' size is now 12 MB.
2020-05-28 15:29:41 0 [Note] InnoDB: Waiting for purge to start
2020-05-28 15:29:41 0 [Note] InnoDB: Waiting for purge to start
2020-05-28 15:29:42 0 [Note] InnoDB: 10.4.11 started; log sequence number 5813681; transaction id 4082
2020-05-28 15:29:42 0 [Note] InnoDB: Loading buffer pool(s) from C:\xampp1\mysql\data\ib_buffer_pool
2020-05-28 15:29:42 0 [Note] Plugin 'FEEDBACK' is disabled.
2020-05-28 15:29:42 0 [Note] InnoDB: Buffer pool(s) load completed at 200528 15:29:42
2020-05-28 15:29:42 0 [Note] Server socket created on IP: '::'.
2020-05-28 15:29:44 0 [Note] Reading of all Master_info entries succeeded
2020-05-28 15:29:44 0 [Note] Added new Master_info '' to hash table
2020-05-28 15:29:44 0 [Note] mysql\bin\mysqld.exe: ready for connections.
Version: '10.4.11-MariaDB'  socket: ''  port: 3306  mariadb.org binary distribution
2020-05-29  0:45:23 1516 [Warning] Aborted connection 1516 to db: 'id13484941_futmx1' user: 'root' host: '' (Got a packet bigger than 'max_allowed_packet' bytes)
2020-05-29  0:45:49 1517 [Warning] Aborted connection 1517 to db: 'id13484941_futmx1' user: 'root' host: '' (Got a packet bigger than 'max_allowed_packet' bytes)
InnoDB: using atomic writes.
2020-05-29  0:48:14 0 [ERROR] InnoDB: The innodb_system data file 'ibdata1' must be writable
2020-05-29  0:48:14 0 [ERROR] InnoDB: The innodb_system data file 'ibdata1' must be writable
2020-05-29  0:48:14 0 [ERROR] Plugin 'InnoDB' init function returned error.
2020-05-29  0:48:14 0 [ERROR] Plugin 'InnoDB' registration as a STORAGE ENGINE failed.
2020-05-29  0:48:14 0 [Note] Plugin 'FEEDBACK' is disabled.
2020-05-29  0:48:14 0 [ERROR] Unknown/unsupported storage engine: InnoDB
2020-05-29  0:48:14 0 [ERROR] Aborting
2020-05-29  0:48:24 1519 [Warning] Aborted connection 1519 to db: 'id13484941_futmx1' user: 'root' host: '' (Got a packet bigger than 'max_allowed_packet' bytes)
InnoDB: using atomic writes.
2020-05-29  1:36:10 0 [ERROR] InnoDB: The innodb_system data file 'ibdata1' must be writable
2020-05-29  1:36:10 0 [ERROR] InnoDB: The innodb_system data file 'ibdata1' must be writable
2020-05-29  1:36:10 0 [ERROR] Plugin 'InnoDB' init function returned error.
2020-05-29  1:36:10 0 [ERROR] Plugin 'InnoDB' registration as a STORAGE ENGINE failed.
2020-05-29  1:36:10 0 [Note] Plugin 'FEEDBACK' is disabled.
2020-05-29  1:36:10 0 [ERROR] Unknown/unsupported storage engine: InnoDB
2020-05-29  1:36:10 0 [ERROR] Aborting
2020-05-29 12:56:08 2091 [ERROR] InnoDB: In ALTER TABLE `id13484941_futmx1`.`equipos_temporal` has or is referenced in foreign key constraints which are not compatible with the new table definition.
2020-05-29 12:56:08 2091 [ERROR] InnoDB: In ALTER TABLE `id13484941_futmx1`.`equipos_temporal` has or is referenced in foreign key constraints which are not compatible with the new table definition.
2020-05-29 14:27:34 2707 [ERROR] InnoDB: Failed to load table '`id13484941_futmx1`.`equipos_temporal`' which has a foreign key constraint with table '`id13484941_futmx1`.`liga`'.
2020-05-29 14:27:42 2707 [ERROR] InnoDB: Failed to load table '`id13484941_futmx1`.`equipos_temporal`' which has a foreign key constraint with table '`id13484941_futmx1`.`liga`'.
InnoDB: using atomic writes.
2020-09-03 18:02:58 0 [Note] InnoDB: Mutexes and rw_locks use Windows interlocked functions
2020-09-03 18:02:58 0 [Note] InnoDB: Uses event mutexes
2020-09-03 18:02:58 0 [Note] InnoDB: Compressed tables use zlib 1.2.11
2020-09-03 18:02:58 0 [Note] InnoDB: Number of pools: 1
2020-09-03 18:02:58 0 [Note] InnoDB: Using SSE2 crc32 instructions
2020-09-03 18:02:58 0 [Note] InnoDB: Initializing buffer pool, total size = 16M, instances = 1, chunk size = 16M
2020-09-03 18:02:58 0 [Note] InnoDB: Completed initialization of buffer pool
2020-09-03 18:02:58 0 [Note] InnoDB: Starting crash recovery from checkpoint LSN=8030008
2020-09-03 18:03:06 0 [Note] InnoDB: 128 out of 128 rollback segments are active.
2020-09-03 18:03:06 0 [Note] InnoDB: Removed temporary tablespace data file: "ibtmp1"
2020-09-03 18:03:06 0 [Note] InnoDB: Creating shared tablespace for temporary tables
2020-09-03 18:03:06 0 [Note] InnoDB: Setting file 'C:\xampp1\mysql\data\ibtmp1' size to 12 MB. Physically writing the file full; Please wait ...
2020-09-03 18:03:06 0 [Note] InnoDB: File 'C:\xampp1\mysql\data\ibtmp1' size is now 12 MB.
2020-09-03 18:03:06 0 [Note] InnoDB: Waiting for purge to start
2020-09-03 18:03:06 0 [Note] InnoDB: Waiting for purge to start
2020-09-03 18:03:06 0 [Note] InnoDB: Waiting for purge to start
2020-09-03 18:03:06 0 [Note] InnoDB: Waiting for purge to start
2020-09-03 18:03:06 0 [Note] InnoDB: Waiting for purge to start
2020-09-03 18:03:06 0 [Note] InnoDB: Waiting for purge to start
2020-09-03 18:03:06 0 [Note] InnoDB: Waiting for purge to start
2020-09-03 18:03:07 0 [Note] InnoDB: Waiting for purge to start
2020-09-03 18:03:07 0 [Note] InnoDB: Waiting for purge to start
2020-09-03 18:03:07 0 [Note] InnoDB: Waiting for purge to start
2020-09-03 18:03:07 0 [Note] InnoDB: 10.4.11 started; log sequence number 8030017; transaction id 5585
2020-09-03 18:03:07 0 [Note] InnoDB: Loading buffer pool(s) from C:\xampp1\mysql\data\ib_buffer_pool
2020-09-03 18:03:07 0 [Note] Plugin 'FEEDBACK' is disabled.
2020-09-03 18:03:08 0 [Note] InnoDB: Buffer pool(s) load completed at 200903 18:03:08
2020-09-03 18:03:11 0 [Note] Server socket created on IP: '::'.
2020-09-03 18:03:11 0 [ERROR] Can't start server: Bind on TCP/IP port. Got error: 10048: Solo se permite un uso de cada dirección de socket (protocolo/dirección de red/puerto)

2020-09-03 18:03:11 0 [ERROR] Do you already have another mysqld server running on port: 3306 ?
2020-09-03 18:03:11 0 [ERROR] Aborting
InnoDB: using atomic writes.
2020-09-03 18:04:57 0 [Note] InnoDB: Mutexes and rw_locks use Windows interlocked functions
2020-09-03 18:04:57 0 [Note] InnoDB: Uses event mutexes
2020-09-03 18:04:57 0 [Note] InnoDB: Compressed tables use zlib 1.2.11
2020-09-03 18:04:57 0 [Note] InnoDB: Number of pools: 1
2020-09-03 18:04:57 0 [Note] InnoDB: Using SSE2 crc32 instructions
2020-09-03 18:04:57 0 [Note] InnoDB: Initializing buffer pool, total size = 16M, instances = 1, chunk size = 16M
2020-09-03 18:04:57 0 [Note] InnoDB: Completed initialization of buffer pool
2020-09-03 18:04:58 0 [Note] InnoDB: 128 out of 128 rollback segments are active.
2020-09-03 18:04:58 0 [Note] InnoDB: Creating shared tablespace for temporary tables
2020-09-03 18:04:58 0 [Note] InnoDB: Setting file 'C:\xampp1\mysql\data\ibtmp1' size to 12 MB. Physically writing the file full; Please wait ...
2020-09-03 18:04:58 0 [Note] InnoDB: File 'C:\xampp1\mysql\data\ibtmp1' size is now 12 MB.
2020-09-03 18:04:58 0 [Note] InnoDB: Waiting for purge to start
2020-09-03 18:04:58 0 [Note] InnoDB: 10.4.11 started; log sequence number 8030035; transaction id 5585
2020-09-03 18:04:58 0 [Note] InnoDB: Loading buffer pool(s) from C:\xampp1\mysql\data\ib_buffer_pool
2020-09-03 18:04:58 0 [Note] Plugin 'FEEDBACK' is disabled.
2020-09-03 18:04:58 0 [Note] InnoDB: Buffer pool(s) load completed at 200903 18:04:58
2020-09-03 18:04:58 0 [Note] Server socket created on IP: '::'.
InnoDB: using atomic writes.
2020-09-03 22:20:41 0 [Note] InnoDB: Mutexes and rw_locks use Windows interlocked functions
2020-09-03 22:20:41 0 [Note] InnoDB: Uses event mutexes
2020-09-03 22:20:41 0 [Note] InnoDB: Compressed tables use zlib 1.2.11
2020-09-03 22:20:41 0 [Note] InnoDB: Number of pools: 1
2020-09-03 22:20:41 0 [Note] InnoDB: Using SSE2 crc32 instructions
2020-09-03 22:20:41 0 [Note] InnoDB: Initializing buffer pool, total size = 16M, instances = 1, chunk size = 16M
2020-09-03 22:20:41 0 [Note] InnoDB: Completed initialization of buffer pool
2020-09-03 22:20:41 0 [Note] InnoDB: Starting crash recovery from checkpoint LSN=8032903
2020-09-03 22:20:43 0 [Note] InnoDB: 128 out of 128 rollback segments are active.
2020-09-03 22:20:43 0 [Note] InnoDB: Removed temporary tablespace data file: "ibtmp1"
2020-09-03 22:20:43 0 [Note] InnoDB: Creating shared tablespace for temporary tables
2020-09-03 22:20:43 0 [Note] InnoDB: Setting file 'C:\xampp1\mysql\data\ibtmp1' size to 12 MB. Physically writing the file full; Please wait ...
2020-09-03 22:20:43 0 [Note] InnoDB: File 'C:\xampp1\mysql\data\ibtmp1' size is now 12 MB.
2020-09-03 22:20:43 0 [Note] InnoDB: Waiting for purge to start
2020-09-03 22:20:44 0 [Note] InnoDB: 10.4.11 started; log sequence number 8032912; transaction id 5636
2020-09-03 22:20:44 0 [Note] InnoDB: Loading buffer pool(s) from C:\xampp1\mysql\data\ib_buffer_pool
2020-09-03 22:20:44 0 [Note] Plugin 'FEEDBACK' is disabled.
2020-09-03 22:20:44 0 [Note] Server socket created on IP: '::'.
InnoDB: using atomic writes.
2021-04-30 15:15:22 0 [Note] InnoDB: Mutexes and rw_locks use Windows interlocked functions
2021-04-30 15:15:22 0 [Note] InnoDB: Uses event mutexes
2021-04-30 15:15:22 0 [Note] InnoDB: Compressed tables use zlib 1.2.11
2021-04-30 15:15:22 0 [Note] InnoDB: Number of pools: 1
2021-04-30 15:15:22 0 [Note] InnoDB: Using SSE2 crc32 instructions
2021-04-30 15:15:22 0 [Note] InnoDB: Initializing buffer pool, total size = 16M, instances = 1, chunk size = 16M
2021-04-30 15:15:22 0 [Note] InnoDB: Completed initialization of buffer pool
2021-04-30 15:15:23 0 [Note] InnoDB: Starting crash recovery from checkpoint LSN=8033217
2021-04-30 15:15:33 0 [Note] InnoDB: 128 out of 128 rollback segments are active.
2021-04-30 15:15:33 0 [Note] InnoDB: Removed temporary tablespace data file: "ibtmp1"
2021-04-30 15:15:33 0 [Note] InnoDB: Creating shared tablespace for temporary tables
2021-04-30 15:15:33 0 [Note] InnoDB: Setting file 'C:\xampp1\mysql\data\ibtmp1' size to 12 MB. Physically writing the file full; Please wait ...
2021-04-30 15:15:33 0 [Note] InnoDB: File 'C:\xampp1\mysql\data\ibtmp1' size is now 12 MB.
2021-04-30 15:15:33 0 [Note] InnoDB: Waiting for purge to start
2021-04-30 15:15:33 0 [Note] InnoDB: 10.4.11 started; log sequence number 8033226; transaction id 5644
2021-04-30 15:15:33 0 [Note] Plugin 'FEEDBACK' is disabled.
2021-04-30 15:15:33 0 [Note] InnoDB: Loading buffer pool(s) from C:\xampp1\mysql\data\ib_buffer_pool
2021-04-30 15:15:34 0 [Note] Server socket created on IP: '::'.
2021-04-30 15:15:34 0 [ERROR] Can't start server: Bind on TCP/IP port. Got error: 10048: Only one usage of each socket address (protocol/network address/port) is normally permitted.

2021-04-30 15:15:34 0 [ERROR] Do you already have another mysqld server running on port: 3306 ?
2021-04-30 15:15:34 0 [ERROR] Aborting
InnoDB: using atomic writes.
2021-04-30 15:17:02 0 [Note] InnoDB: Mutexes and rw_locks use Windows interlocked functions
2021-04-30 15:17:02 0 [Note] InnoDB: Uses event mutexes
2021-04-30 15:17:02 0 [Note] InnoDB: Compressed tables use zlib 1.2.11
2021-04-30 15:17:02 0 [Note] InnoDB: Number of pools: 1
2021-04-30 15:17:02 0 [Note] InnoDB: Using SSE2 crc32 instructions
2021-04-30 15:17:02 0 [Note] InnoDB: Initializing buffer pool, total size = 16M, instances = 1, chunk size = 16M
2021-04-30 15:17:02 0 [Note] InnoDB: Completed initialization of buffer pool
2021-04-30 15:17:04 0 [Note] InnoDB: 128 out of 128 rollback segments are active.
2021-04-30 15:17:04 0 [Note] InnoDB: Creating shared tablespace for temporary tables
2021-04-30 15:17:04 0 [Note] InnoDB: Setting file 'C:\xampp1\mysql\data\ibtmp1' size to 12 MB. Physically writing the file full; Please wait ...
2021-04-30 15:17:04 0 [Note] InnoDB: File 'C:\xampp1\mysql\data\ibtmp1' size is now 12 MB.
2021-04-30 15:17:04 0 [Note] InnoDB: Waiting for purge to start
2021-04-30 15:17:05 0 [Note] InnoDB: 10.4.11 started; log sequence number 8033235; transaction id 5644
2021-04-30 15:17:05 0 [Note] InnoDB: Loading buffer pool(s) from C:\xampp1\mysql\data\ib_buffer_pool
2021-04-30 15:17:05 0 [Note] Plugin 'FEEDBACK' is disabled.
2021-04-30 15:17:05 0 [Note] Server socket created on IP: '::'.
InnoDB: using atomic writes.
2021-04-30 15:19:03 0 [ERROR] InnoDB: The innodb_system data file 'ibdata1' must be writable
2021-04-30 15:19:03 0 [ERROR] InnoDB: The innodb_system data file 'ibdata1' must be writable
2021-04-30 15:19:03 0 [ERROR] Plugin 'InnoDB' init function returned error.
2021-04-30 15:19:03 0 [ERROR] Plugin 'InnoDB' registration as a STORAGE ENGINE failed.
2021-04-30 15:19:03 0 [Note] Plugin 'FEEDBACK' is disabled.
2021-04-30 15:19:03 0 [ERROR] Unknown/unsupported storage engine: InnoDB
2021-04-30 15:19:03 0 [ERROR] Aborting
